[2016-04-27 20:29:25] INFO  WEBrick 1.3.1
[2016-04-27 20:29:25] INFO  ruby 2.2.1 (2015-02-26) [x86_64-darwin14]
== Sinatra (v1.4.7) has taken the stage on 4567 for development with backup from WEBrick
[2016-04-27 20:29:25] INFO  WEBrick::HTTPServer#start: pid=11453 port=4567
::1 - - [27/Apr/2016:20:30:05 -0400] "GET /index HTTP/1.1" 404 467 0.0161
localhost - - [27/Apr/2016:20:30:05 EDT] "GET /index HTTP/1.1" 404 467
- -> /index
::1 - - [27/Apr/2016:20:30:05 -0400] "GET /__sinatra__/404.png HTTP/1.1" 200 18893 0.0015
localhost - - [27/Apr/2016:20:30:05 EDT] "GET /__sinatra__/404.png HTTP/1.1" 200 18893
http://localhost:4567/index -> /__sinatra__/404.png
::1 - - [27/Apr/2016:20:30:05 -0400] "GET /favicon.ico HTTP/1.1" 404 473 0.0006
localhost - - [27/Apr/2016:20:30:05 EDT] "GET /favicon.ico HTTP/1.1" 404 473
http://localhost:4567/index -> /favicon.ico
::1 - - [27/Apr/2016:20:30:08 -0400] "GET / HTTP/1.1" 404 462 0.0005
localhost - - [27/Apr/2016:20:30:08 EDT] "GET / HTTP/1.1" 404 462
- -> /
::1 - - [27/Apr/2016:20:30:29 -0400] "GET / HTTP/1.1" 404 462 0.0006
localhost - - [27/Apr/2016:20:30:29 EDT] "GET / HTTP/1.1" 404 462
- -> /
== Sinatra has ended his set (crowd applauds)
[2016-04-27 20:33:03] INFO  going to shutdown ...
[2016-04-27 20:33:03] INFO  WEBrick::HTTPServer#start done.
D, [2016-04-27T20:29:25.183751 #11453] DEBUG -- : MONGODB | Adding 127.0.0.1:27017 to the cluster.
